<?xml version="1.0" encoding="UTF-8"?>
<!-- Generated by org.testng.reporters.JUnitXMLReporter -->
<testsuite ignored="0" hostname="ravi" failures="2" tests="6" name="Surefire test" time="46.471" errors="0" timestamp="2020-08-26T16:40:12 CEST">
  <testcase classname="com.ppro.qatest.tests.PaymentPageTest" name="PaymentTest" time="0.396"/>
  <testcase classname="com.ppro.qatest.tests.PaymentPageTest" name="PaymentTest" time="0.314"/>
  <testcase classname="com.ppro.qatest.tests.PaymentPageTest" name="PaymentTest" time="0.327">
    <failure type="java.lang.AssertionError" message="expected [Transaction Succeded] but found [Transaction Failed]">
      <![CDATA[java.lang.AssertionError: expected [Transaction Succeded] but found [Transaction Failed]
at com.ppro.qatest.tests.PaymentPageTest.PaymentTest(PaymentPageTest.java:59)
at java.base/java.util.ArrayList.forEach(ArrayList.java:1511)
... Removed 37 stack frames]]>
    </failure>
  </testcase> <!-- PaymentTest -->
  <testcase classname="com.ppro.qatest.tests.PaymentPageTest" name="PaymentTest" time="0.321">
    <failure type="java.lang.AssertionError" message="expected [Transaction Succeded] but found [Transaction Failed]">
      <![CDATA[java.lang.AssertionError: expected [Transaction Succeded] but found [Transaction Failed]
at com.ppro.qatest.tests.PaymentPageTest.PaymentTest(PaymentPageTest.java:59)
at java.base/java.util.ArrayList.forEach(ArrayList.java:1511)
... Removed 37 stack frames]]>
    </failure>
  </testcase> <!-- PaymentTest -->
  <testcase classname="com.ppro.qatest.tests.PaymentPageTest" name="PaymentPageHeaderTest" time="0.063"/>
  <testcase classname="com.ppro.qatest.tests.PaymentPageTest" name="sucessPayTest" time="0.306"/>
</testsuite> <!-- Surefire test -->
