<?xml version="1.0" encoding="UTF-8"?>
<testng-results ignored="0" total="4" passed="2" failed="2" skipped="0">
  <reporter-output>
  </reporter-output>
  <suite started-at="2020-08-26T16:43:02 CEST" name="Default suite" finished-at="2020-08-26T16:43:32 CEST" duration-ms="29371">
    <groups>
    </groups>
    <test started-at="2020-08-26T16:43:02 CEST" name="Default test" finished-at="2020-08-26T16:43:32 CEST" duration-ms="29371">
      <class name="com.ppro.qatest.tests.PaymentPageTest">
        <test-method is-config="true" signature="setUp()[pri:0, instance:com.ppro.qatest.tests.PaymentPageTest@56de5251]" started-at="2020-08-26T16:43:02 CEST" name="setUp" finished-at="2020-08-26T16:43:09 CEST" duration-ms="6504" status="PASS">
          <reporter-output>
          </reporter-output>
        </test-method> <!-- setUp -->
        <test-method signature="PaymentTest(java.lang.String, java.lang.String, java.lang.String, java.lang.String)[pri:0, instance:com.ppro.qatest.tests.PaymentPageTest@56de5251]" started-at="2020-08-26T16:43:09 CEST" name="PaymentTest" data-provider="getData" finished-at="2020-08-26T16:43:09 CEST" duration-ms="524" status="PASS">
          <params>
            <param index="0">
              <value>
                <![CDATA[555]]>
              </value>
            </param>
            <param index="1">
              <value>
                <![CDATA[EUR]]>
              </value>
            </param>
            <param index="2">
              <value>
                <![CDATA[Germany]]>
              </value>
            </param>
            <param index="3">
              <value>
                <![CDATA[Transaction Succeded]]>
              </value>
            </param>
          </params>
          <reporter-output>
          </reporter-output>
        </test-method> <!-- PaymentTest -->
        <test-method is-config="true" signature="tearDown()[pri:0, instance:com.ppro.qatest.tests.PaymentPageTest@56de5251]" started-at="2020-08-26T16:43:09 CEST" name="tearDown" finished-at="2020-08-26T16:43:10 CEST" duration-ms="660" status="PASS">
          <reporter-output>
          </reporter-output>
        </test-method> <!-- tearDown -->
        <test-method is-config="true" signature="setUp()[pri:0, instance:com.ppro.qatest.tests.PaymentPageTest@56de5251]" started-at="2020-08-26T16:43:10 CEST" name="setUp" finished-at="2020-08-26T16:43:17 CEST" duration-ms="6731" status="PASS">
          <reporter-output>
          </reporter-output>
        </test-method> <!-- setUp -->
        <test-method signature="PaymentTest(java.lang.String, java.lang.String, java.lang.String, java.lang.String)[pri:0, instance:com.ppro.qatest.tests.PaymentPageTest@56de5251]" started-at="2020-08-26T16:43:17 CEST" name="PaymentTest" data-provider="getData" finished-at="2020-08-26T16:43:17 CEST" duration-ms="299" status="PASS">
          <params>
            <param index="0">
              <value>
                <![CDATA[22]]>
              </value>
            </param>
            <param index="1">
              <value>
                <![CDATA[AUD]]>
              </value>
            </param>
            <param index="2">
              <value>
                <![CDATA[Germany]]>
              </value>
            </param>
            <param index="3">
              <value>
                <![CDATA[Transaction Failed]]>
              </value>
            </param>
          </params>
          <reporter-output>
          </reporter-output>
        </test-method> <!-- PaymentTest -->
        <test-method is-config="true" signature="tearDown()[pri:0, instance:com.ppro.qatest.tests.PaymentPageTest@56de5251]" started-at="2020-08-26T16:43:17 CEST" name="tearDown" finished-at="2020-08-26T16:43:18 CEST" duration-ms="649" status="PASS">
          <reporter-output>
          </reporter-output>
        </test-method> <!-- tearDown -->
        <test-method is-config="true" signature="setUp()[pri:0, instance:com.ppro.qatest.tests.PaymentPageTest@56de5251]" started-at="2020-08-26T16:43:18 CEST" name="setUp" finished-at="2020-08-26T16:43:24 CEST" duration-ms="6150" status="PASS">
          <reporter-output>
          </reporter-output>
        </test-method> <!-- setUp -->
        <test-method signature="PaymentTest(java.lang.String, java.lang.String, java.lang.String, java.lang.String)[pri:0, instance:com.ppro.qatest.tests.PaymentPageTest@56de5251]" started-at="2020-08-26T16:43:24 CEST" name="PaymentTest" data-provider="getData" finished-at="2020-08-26T16:43:24 CEST" duration-ms="318" status="FAIL">
          <params>
            <param index="0">
              <value>
                <![CDATA[33]]>
              </value>
            </param>
            <param index="1">
              <value>
                <![CDATA[AUD]]>
              </value>
            </param>
            <param index="2">
              <value>
                <![CDATA[Australia]]>
              </value>
            </param>
            <param index="3">
              <value>
                <![CDATA[Transaction Succeded]]>
              </value>
            </param>
          </params>
          <exception class="java.lang.AssertionError">
            <message>
              <![CDATA[DataDrivenTest33 expected [Transaction Succeded] but found [Transaction Failed]]]>
            </message>
            <full-stacktrace>
              <![CDATA[java.lang.AssertionError: DataDrivenTest33 expected [Transaction Succeded] but found [Transaction Failed]
at org.testng.Assert.fail(Assert.java:97)
at org.testng.Assert.assertEqualsImpl(Assert.java:136)
at org.testng.Assert.assertEquals(Assert.java:118)
at org.testng.Assert.assertEquals(Assert.java:575)
at com.ppro.qatest.tests.PaymentPageTest.PaymentTest(PaymentPageTest.java:59)
at java.base/jdk.internal.reflect.NativeMethodAccessorImpl.invoke0(Native Method)
at java.base/jdk.internal.reflect.NativeMethodAccessorImpl.invoke(NativeMethodAccessorImpl.java:62)
at java.base/jdk.internal.reflect.DelegatingMethodAccessorImpl.invoke(DelegatingMethodAccessorImpl.java:43)
at java.base/java.lang.reflect.Method.invoke(Method.java:564)
at org.testng.internal.MethodInvocationHelper.invokeMethod(MethodInvocationHelper.java:134)
at org.testng.internal.TestInvoker.invokeMethod(TestInvoker.java:597)
at org.testng.internal.TestInvoker.invokeTestMethod(TestInvoker.java:173)
at org.testng.internal.MethodRunner.runInSequence(MethodRunner.java:46)
at org.testng.internal.TestInvoker$MethodInvocationAgent.invoke(TestInvoker.java:816)
at org.testng.internal.TestInvoker.invokeTestMethods(TestInvoker.java:146)
at org.testng.internal.TestMethodWorker.invokeTestMethods(TestMethodWorker.java:146)
at org.testng.internal.TestMethodWorker.run(TestMethodWorker.java:128)
at java.base/java.util.ArrayList.forEach(ArrayList.java:1511)
at org.testng.TestRunner.privateRun(TestRunner.java:766)
at org.testng.TestRunner.run(TestRunner.java:587)
at org.testng.SuiteRunner.runTest(SuiteRunner.java:384)
at org.testng.SuiteRunner.runSequentially(SuiteRunner.java:378)
at org.testng.SuiteRunner.privateRun(SuiteRunner.java:337)
at org.testng.SuiteRunner.run(SuiteRunner.java:286)
at org.testng.SuiteRunnerWorker.runSuite(SuiteRunnerWorker.java:53)
at org.testng.SuiteRunnerWorker.run(SuiteRunnerWorker.java:96)
at org.testng.TestNG.runSuitesSequentially(TestNG.java:1187)
at org.testng.TestNG.runSuitesLocally(TestNG.java:1109)
at org.testng.TestNG.runSuites(TestNG.java:1039)
at org.testng.TestNG.run(TestNG.java:1007)
at org.testng.remote.AbstractRemoteTestNG.run(AbstractRemoteTestNG.java:115)
at org.testng.remote.RemoteTestNG.initAndRun(RemoteTestNG.java:251)
at org.testng.remote.RemoteTestNG.main(RemoteTestNG.java:77)
]]>
            </full-stacktrace>
          </exception> <!-- java.lang.AssertionError -->
          <reporter-output>
          </reporter-output>
        </test-method> <!-- PaymentTest -->
        <test-method is-config="true" signature="tearDown()[pri:0, instance:com.ppro.qatest.tests.PaymentPageTest@56de5251]" started-at="2020-08-26T16:43:24 CEST" name="tearDown" finished-at="2020-08-26T16:43:25 CEST" duration-ms="654" status="PASS">
          <reporter-output>
          </reporter-output>
        </test-method> <!-- tearDown -->
        <test-method is-config="true" signature="setUp()[pri:0, instance:com.ppro.qatest.tests.PaymentPageTest@56de5251]" started-at="2020-08-26T16:43:25 CEST" name="setUp" finished-at="2020-08-26T16:43:31 CEST" duration-ms="5833" status="PASS">
          <reporter-output>
          </reporter-output>
        </test-method> <!-- setUp -->
        <test-method signature="PaymentTest(java.lang.String, java.lang.String, java.lang.String, java.lang.String)[pri:0, instance:com.ppro.qatest.tests.PaymentPageTest@56de5251]" started-at="2020-08-26T16:43:31 CEST" name="PaymentTest" data-provider="getData" finished-at="2020-08-26T16:43:31 CEST" duration-ms="332" status="FAIL">
          <params>
            <param index="0">
              <value>
                <![CDATA[22]]>
              </value>
            </param>
            <param index="1">
              <value>
                <![CDATA[SGD]]>
              </value>
            </param>
            <param index="2">
              <value>
                <![CDATA[Singapore]]>
              </value>
            </param>
            <param index="3">
              <value>
                <![CDATA[Transaction Succeded]]>
              </value>
            </param>
          </params>
          <exception class="java.lang.AssertionError">
            <message>
              <![CDATA[DataDrivenTest22 expected [Transaction Succeded] but found [Transaction Failed]]]>
            </message>
            <full-stacktrace>
              <![CDATA[java.lang.AssertionError: DataDrivenTest22 expected [Transaction Succeded] but found [Transaction Failed]
at org.testng.Assert.fail(Assert.java:97)
at org.testng.Assert.assertEqualsImpl(Assert.java:136)
at org.testng.Assert.assertEquals(Assert.java:118)
at org.testng.Assert.assertEquals(Assert.java:575)
at com.ppro.qatest.tests.PaymentPageTest.PaymentTest(PaymentPageTest.java:59)
at java.base/jdk.internal.reflect.NativeMethodAccessorImpl.invoke0(Native Method)
at java.base/jdk.internal.reflect.NativeMethodAccessorImpl.invoke(NativeMethodAccessorImpl.java:62)
at java.base/jdk.internal.reflect.DelegatingMethodAccessorImpl.invoke(DelegatingMethodAccessorImpl.java:43)
at java.base/java.lang.reflect.Method.invoke(Method.java:564)
at org.testng.internal.MethodInvocationHelper.invokeMethod(MethodInvocationHelper.java:134)
at org.testng.internal.TestInvoker.invokeMethod(TestInvoker.java:597)
at org.testng.internal.TestInvoker.invokeTestMethod(TestInvoker.java:173)
at org.testng.internal.MethodRunner.runInSequence(MethodRunner.java:46)
at org.testng.internal.TestInvoker$MethodInvocationAgent.invoke(TestInvoker.java:816)
at org.testng.internal.TestInvoker.invokeTestMethods(TestInvoker.java:146)
at org.testng.internal.TestMethodWorker.invokeTestMethods(TestMethodWorker.java:146)
at org.testng.internal.TestMethodWorker.run(TestMethodWorker.java:128)
at java.base/java.util.ArrayList.forEach(ArrayList.java:1511)
at org.testng.TestRunner.privateRun(TestRunner.java:766)
at org.testng.TestRunner.run(TestRunner.java:587)
at org.testng.SuiteRunner.runTest(SuiteRunner.java:384)
at org.testng.SuiteRunner.runSequentially(SuiteRunner.java:378)
at org.testng.SuiteRunner.privateRun(SuiteRunner.java:337)
at org.testng.SuiteRunner.run(SuiteRunner.java:286)
at org.testng.SuiteRunnerWorker.runSuite(SuiteRunnerWorker.java:53)
at org.testng.SuiteRunnerWorker.run(SuiteRunnerWorker.java:96)
at org.testng.TestNG.runSuitesSequentially(TestNG.java:1187)
at org.testng.TestNG.runSuitesLocally(TestNG.java:1109)
at org.testng.TestNG.runSuites(TestNG.java:1039)
at org.testng.TestNG.run(TestNG.java:1007)
at org.testng.remote.AbstractRemoteTestNG.run(AbstractRemoteTestNG.java:115)
at org.testng.remote.RemoteTestNG.initAndRun(RemoteTestNG.java:251)
at org.testng.remote.RemoteTestNG.main(RemoteTestNG.java:77)
]]>
            </full-stacktrace>
          </exception> <!-- java.lang.AssertionError -->
          <reporter-output>
          </reporter-output>
        </test-method> <!-- PaymentTest -->
        <test-method is-config="true" signature="tearDown()[pri:0, instance:com.ppro.qatest.tests.PaymentPageTest@56de5251]" started-at="2020-08-26T16:43:31 CEST" name="tearDown" finished-at="2020-08-26T16:43:32 CEST" duration-ms="658" status="PASS">
          <reporter-output>
          </reporter-output>
        </test-method> <!-- tearDown -->
      </class> <!-- com.ppro.qatest.tests.PaymentPageTest -->
    </test> <!-- Default test -->
  </suite> <!-- Default suite -->
</testng-results>
